{"C:\\Users\\magel\\OneDrive\\Desktop\\Perrtios v2\\src\\App.jsx": {"path":"C:\\Users\\magel\\OneDrive\\Desktop\\Perrtios v2\\src\\App.jsx","statementMap":{"0":{"start":{"line":5,"column":12},"end":{"line":13,"column":1}},"1":{"start":{"line":6,"column":2},"end":{"line":12,"column":4}}},"fnMap":{"0":{"name":"(anonymous_0)","decl":{"start":{"line":5,"column":12},"end":{"line":5,"column":13}},"loc":{"start":{"line":5,"column":18},"end":{"line":13,"column":1}},"line":5}},"branchMap":{},"s":{"0":2,"1":2},"f":{"0":2},"b":{},"_coverageSchema":"1a1c01bbd47fc00a2c39e90264f33305004495a9","hash":"25806535ec7a0879f60b9b0f179be57ce94f678a"}
,"C:\\Users\\magel\\OneDrive\\Desktop\\Perrtios v2\\src\\MyRoutes.jsx": {"path":"C:\\Users\\magel\\OneDrive\\Desktop\\Perrtios v2\\src\\MyRoutes.jsx","statementMap":{"0":{"start":{"line":6,"column":17},"end":{"line":13,"column":1}},"1":{"start":{"line":7,"column":2},"end":{"line":12,"column":4}}},"fnMap":{"0":{"name":"(anonymous_0)","decl":{"start":{"line":6,"column":17},"end":{"line":6,"column":18}},"loc":{"start":{"line":6,"column":23},"end":{"line":13,"column":1}},"line":6}},"branchMap":{},"s":{"0":3,"1":4},"f":{"0":4},"b":{},"_coverageSchema":"1a1c01bbd47fc00a2c39e90264f33305004495a9","hash":"506272215ad7db3f52e5d4385b9a9c69cfdd87d9"}
,"C:\\Users\\magel\\OneDrive\\Desktop\\Perrtios v2\\src\\Components\\Error404ContentContainer\\index.jsx": {"path":"C:\\Users\\magel\\OneDrive\\Desktop\\Perrtios v2\\src\\Components\\Error404ContentContainer\\index.jsx","statementMap":{"0":{"start":{"line":2,"column":33},"end":{"line":8,"column":1}},"1":{"start":{"line":3,"column":2},"end":{"line":7,"column":4}}},"fnMap":{"0":{"name":"(anonymous_0)","decl":{"start":{"line":2,"column":33},"end":{"line":2,"column":34}},"loc":{"start":{"line":2,"column":39},"end":{"line":8,"column":1}},"line":2}},"branchMap":{},"s":{"0":4,"1":2},"f":{"0":2},"b":{},"_coverageSchema":"1a1c01bbd47fc00a2c39e90264f33305004495a9","hash":"9e9776d6ab4ec4f57e355884c7e94c5298236e69"}
,"C:\\Users\\magel\\OneDrive\\Desktop\\Perrtios v2\\src\\Components\\HomeContentContainer\\index.jsx": {"path":"C:\\Users\\magel\\OneDrive\\Desktop\\Perrtios v2\\src\\Components\\HomeContentContainer\\index.jsx","statementMap":{"0":{"start":{"line":3,"column":29},"end":{"line":13,"column":1}},"1":{"start":{"line":4,"column":20},"end":{"line":4,"column":40}},"2":{"start":{"line":7,"column":2},"end":{"line":12,"column":4}}},"fnMap":{"0":{"name":"(anonymous_0)","decl":{"start":{"line":3,"column":29},"end":{"line":3,"column":30}},"loc":{"start":{"line":3,"column":35},"end":{"line":13,"column":1}},"line":3}},"branchMap":{},"s":{"0":5,"1":6,"2":6},"f":{"0":6},"b":{},"_coverageSchema":"1a1c01bbd47fc00a2c39e90264f33305004495a9","hash":"25cd781a2a19dc9f861b3b812f9744364313aa10"}
,"C:\\Users\\magel\\OneDrive\\Desktop\\Perrtios v2\\src\\GlobalContexts\\index.jsx": {"path":"C:\\Users\\magel\\OneDrive\\Desktop\\Perrtios v2\\src\\GlobalContexts\\index.jsx","statementMap":{"0":{"start":{"line":6,"column":20},"end":{"line":12,"column":1}},"1":{"start":{"line":7,"column":2},"end":{"line":11,"column":4}}},"fnMap":{"0":{"name":"(anonymous_0)","decl":{"start":{"line":6,"column":20},"end":{"line":6,"column":21}},"loc":{"start":{"line":6,"column":26},"end":{"line":12,"column":1}},"line":6}},"branchMap":{},"s":{"0":1,"1":1},"f":{"0":1},"b":{},"_coverageSchema":"1a1c01bbd47fc00a2c39e90264f33305004495a9","hash":"fd490a840d21f220b399c30dc0922642ccc0e277"}
,"C:\\Users\\magel\\OneDrive\\Desktop\\Perrtios v2\\src\\GlobalContexts\\ApiBreedContext\\Provider.jsx": {"path":"C:\\Users\\magel\\OneDrive\\Desktop\\Perrtios v2\\src\\GlobalContexts\\ApiBreedContext\\Provider.jsx","statementMap":{"0":{"start":{"line":7,"column":32},"end":{"line":30,"column":1}},"1":{"start":{"line":8,"column":28},"end":{"line":8,"column":40}},"2":{"start":{"line":10,"column":25},"end":{"line":10,"column":66}},"3":{"start":{"line":12,"column":32},"end":{"line":15,"column":3}},"4":{"start":{"line":13,"column":18},"end":{"line":13,"column":47}},"5":{"start":{"line":14,"column":4},"end":{"line":14,"column":20}},"6":{"start":{"line":17,"column":2},"end":{"line":19,"column":9}},"7":{"start":{"line":18,"column":4},"end":{"line":18,"column":42}},"8":{"start":{"line":21,"column":2},"end":{"line":29,"column":4}}},"fnMap":{"0":{"name":"(anonymous_0)","decl":{"start":{"line":7,"column":32},"end":{"line":7,"column":33}},"loc":{"start":{"line":7,"column":50},"end":{"line":30,"column":1}},"line":7},"1":{"name":"(anonymous_1)","decl":{"start":{"line":12,"column":32},"end":{"line":12,"column":33}},"loc":{"start":{"line":12,"column":47},"end":{"line":15,"column":3}},"line":12},"2":{"name":"(anonymous_2)","decl":{"start":{"line":17,"column":12},"end":{"line":17,"column":13}},"loc":{"start":{"line":17,"column":18},"end":{"line":19,"column":3}},"line":17}},"branchMap":{},"s":{"0":2,"1":5,"2":5,"3":5,"4":3,"5":2,"6":5,"7":3,"8":5},"f":{"0":5,"1":3,"2":3},"b":{},"_coverageSchema":"1a1c01bbd47fc00a2c39e90264f33305004495a9","hash":"9d7ca50644278c4306ee8f9d9e7d8056106049c4"}
,"C:\\Users\\magel\\OneDrive\\Desktop\\Perrtios v2\\src\\GlobalContexts\\ApiBreedContext\\index.jsx": {"path":"C:\\Users\\magel\\OneDrive\\Desktop\\Perrtios v2\\src\\GlobalContexts\\ApiBreedContext\\index.jsx","statementMap":{"0":{"start":{"line":3,"column":24},"end":{"line":3,"column":41}},"1":{"start":{"line":5,"column":34},"end":{"line":5,"column":67}},"2":{"start":{"line":5,"column":40},"end":{"line":5,"column":67}}},"fnMap":{"0":{"name":"(anonymous_0)","decl":{"start":{"line":5,"column":34},"end":{"line":5,"column":35}},"loc":{"start":{"line":5,"column":40},"end":{"line":5,"column":67}},"line":5}},"branchMap":{},"s":{"0":6,"1":6,"2":3},"f":{"0":3},"b":{},"_coverageSchema":"1a1c01bbd47fc00a2c39e90264f33305004495a9","hash":"7c824f2e8d18a85331e93bd377d8421e7462d867"}
,"C:\\Users\\magel\\OneDrive\\Desktop\\Perrtios v2\\src\\GlobalContexts\\ApiBreedContext\\byBreedApiCall\\byBreedApiCall.js": {"path":"C:\\Users\\magel\\OneDrive\\Desktop\\Perrtios v2\\src\\GlobalContexts\\ApiBreedContext\\byBreedApiCall\\byBreedApiCall.js","statementMap":{"0":{"start":{"line":3,"column":23},"end":{"line":6,"column":1}},"1":{"start":{"line":4,"column":2},"end":{"line":4,"column":63}},"2":{"start":{"line":4,"column":39},"end":{"line":4,"column":63}},"3":{"start":{"line":5,"column":2},"end":{"line":5,"column":26}}},"fnMap":{"0":{"name":"(anonymous_0)","decl":{"start":{"line":3,"column":23},"end":{"line":3,"column":24}},"loc":{"start":{"line":3,"column":32},"end":{"line":6,"column":1}},"line":3}},"branchMap":{"0":{"loc":{"start":{"line":4,"column":2},"end":{"line":4,"column":63}},"type":"if","locations":[{"start":{"line":4,"column":2},"end":{"line":4,"column":63}},{"start":{},"end":{}}],"line":4},"1":{"loc":{"start":{"line":4,"column":6},"end":{"line":4,"column":37}},"type":"binary-expr","locations":[{"start":{"line":4,"column":6},"end":{"line":4,"column":10}},{"start":{"line":4,"column":14},"end":{"line":4,"column":37}}],"line":4}},"s":{"0":1,"1":5,"2":1,"3":4},"f":{"0":5},"b":{"0":[1,4],"1":[5,4]},"_coverageSchema":"1a1c01bbd47fc00a2c39e90264f33305004495a9","hash":"79955bc792168f3491e0f845d6eec2138089e326"}
,"C:\\Users\\magel\\OneDrive\\Desktop\\Perrtios v2\\src\\GlobalContexts\\ApiBreedContext\\imageByBreedListApiCall\\imageByBreedListApiCall.js": {"path":"C:\\Users\\magel\\OneDrive\\Desktop\\Perrtios v2\\src\\GlobalContexts\\ApiBreedContext\\imageByBreedListApiCall\\imageByBreedListApiCall.js","statementMap":{"0":{"start":{"line":3,"column":32},"end":{"line":6,"column":1}},"1":{"start":{"line":4,"column":2},"end":{"line":4,"column":63}},"2":{"start":{"line":4,"column":39},"end":{"line":4,"column":63}},"3":{"start":{"line":5,"column":2},"end":{"line":5,"column":26}}},"fnMap":{"0":{"name":"(anonymous_0)","decl":{"start":{"line":3,"column":32},"end":{"line":3,"column":33}},"loc":{"start":{"line":3,"column":41},"end":{"line":6,"column":1}},"line":3}},"branchMap":{"0":{"loc":{"start":{"line":4,"column":2},"end":{"line":4,"column":63}},"type":"if","locations":[{"start":{"line":4,"column":2},"end":{"line":4,"column":63}},{"start":{},"end":{}}],"line":4},"1":{"loc":{"start":{"line":4,"column":6},"end":{"line":4,"column":37}},"type":"binary-expr","locations":[{"start":{"line":4,"column":6},"end":{"line":4,"column":10}},{"start":{"line":4,"column":14},"end":{"line":4,"column":37}}],"line":4}},"s":{"0":1,"1":5,"2":1,"3":4},"f":{"0":5},"b":{"0":[1,4],"1":[5,4]},"_coverageSchema":"1a1c01bbd47fc00a2c39e90264f33305004495a9","hash":"fa3b26ecdb5316463bb5ce7d709851d3dd980083"}
,"C:\\Users\\magel\\OneDrive\\Desktop\\Perrtios v2\\src\\GlobalContexts\\ApiBreedContext\\listAllBreedsApiCall\\listAllBreedsApiCall.js": {"path":"C:\\Users\\magel\\OneDrive\\Desktop\\Perrtios v2\\src\\GlobalContexts\\ApiBreedContext\\listAllBreedsApiCall\\listAllBreedsApiCall.js","statementMap":{"0":{"start":{"line":3,"column":29},"end":{"line":6,"column":1}},"1":{"start":{"line":4,"column":2},"end":{"line":4,"column":63}},"2":{"start":{"line":4,"column":39},"end":{"line":4,"column":63}},"3":{"start":{"line":5,"column":2},"end":{"line":5,"column":26}}},"fnMap":{"0":{"name":"(anonymous_0)","decl":{"start":{"line":3,"column":29},"end":{"line":3,"column":30}},"loc":{"start":{"line":3,"column":38},"end":{"line":6,"column":1}},"line":3}},"branchMap":{"0":{"loc":{"start":{"line":4,"column":2},"end":{"line":4,"column":63}},"type":"if","locations":[{"start":{"line":4,"column":2},"end":{"line":4,"column":63}},{"start":{},"end":{}}],"line":4},"1":{"loc":{"start":{"line":4,"column":6},"end":{"line":4,"column":37}},"type":"binary-expr","locations":[{"start":{"line":4,"column":6},"end":{"line":4,"column":10}},{"start":{"line":4,"column":14},"end":{"line":4,"column":37}}],"line":4}},"s":{"0":1,"1":4,"2":1,"3":3},"f":{"0":4},"b":{"0":[1,3],"1":[4,3]},"_coverageSchema":"1a1c01bbd47fc00a2c39e90264f33305004495a9","hash":"af53a251ed40f37fc28f21b334bf58b5922a5460"}
,"C:\\Users\\magel\\OneDrive\\Desktop\\Perrtios v2\\src\\GlobalContexts\\ApiBreedContext\\listAllSubBreedsApiCall\\listAllSubBreedsApiCall.js": {"path":"C:\\Users\\magel\\OneDrive\\Desktop\\Perrtios v2\\src\\GlobalContexts\\ApiBreedContext\\listAllSubBreedsApiCall\\listAllSubBreedsApiCall.js","statementMap":{"0":{"start":{"line":3,"column":32},"end":{"line":6,"column":1}},"1":{"start":{"line":4,"column":2},"end":{"line":4,"column":63}},"2":{"start":{"line":4,"column":39},"end":{"line":4,"column":63}},"3":{"start":{"line":5,"column":2},"end":{"line":5,"column":26}}},"fnMap":{"0":{"name":"(anonymous_0)","decl":{"start":{"line":3,"column":32},"end":{"line":3,"column":33}},"loc":{"start":{"line":3,"column":41},"end":{"line":6,"column":1}},"line":3}},"branchMap":{"0":{"loc":{"start":{"line":4,"column":2},"end":{"line":4,"column":63}},"type":"if","locations":[{"start":{"line":4,"column":2},"end":{"line":4,"column":63}},{"start":{},"end":{}}],"line":4},"1":{"loc":{"start":{"line":4,"column":6},"end":{"line":4,"column":37}},"type":"binary-expr","locations":[{"start":{"line":4,"column":6},"end":{"line":4,"column":10}},{"start":{"line":4,"column":14},"end":{"line":4,"column":37}}],"line":4}},"s":{"0":1,"1":5,"2":1,"3":4},"f":{"0":5},"b":{"0":[1,4],"1":[5,4]},"_coverageSchema":"1a1c01bbd47fc00a2c39e90264f33305004495a9","hash":"51ce9d2e0ffb4a5c8d3db2868da80a2793c664bf"}
,"C:\\Users\\magel\\OneDrive\\Desktop\\Perrtios v2\\src\\GlobalContexts\\ApiBreedContext\\randomImageApiCall\\randomImageApiCall.js": {"path":"C:\\Users\\magel\\OneDrive\\Desktop\\Perrtios v2\\src\\GlobalContexts\\ApiBreedContext\\randomImageApiCall\\randomImageApiCall.js","statementMap":{"0":{"start":{"line":3,"column":27},"end":{"line":6,"column":1}},"1":{"start":{"line":4,"column":2},"end":{"line":4,"column":63}},"2":{"start":{"line":4,"column":39},"end":{"line":4,"column":63}},"3":{"start":{"line":5,"column":2},"end":{"line":5,"column":26}}},"fnMap":{"0":{"name":"(anonymous_0)","decl":{"start":{"line":3,"column":27},"end":{"line":3,"column":28}},"loc":{"start":{"line":3,"column":36},"end":{"line":6,"column":1}},"line":3}},"branchMap":{"0":{"loc":{"start":{"line":4,"column":2},"end":{"line":4,"column":63}},"type":"if","locations":[{"start":{"line":4,"column":2},"end":{"line":4,"column":63}},{"start":{},"end":{}}],"line":4},"1":{"loc":{"start":{"line":4,"column":6},"end":{"line":4,"column":37}},"type":"binary-expr","locations":[{"start":{"line":4,"column":6},"end":{"line":4,"column":10}},{"start":{"line":4,"column":14},"end":{"line":4,"column":37}}],"line":4}},"s":{"0":2,"1":5,"2":1,"3":4},"f":{"0":5},"b":{"0":[1,4],"1":[5,4]},"_coverageSchema":"1a1c01bbd47fc00a2c39e90264f33305004495a9","hash":"f565ae30f90a3f49fd0b8a4d5f43391ff6f1eb16"}
,"C:\\Users\\magel\\OneDrive\\Desktop\\Perrtios v2\\src\\Pages\\Error404PageContainer\\index.jsx": {"path":"C:\\Users\\magel\\OneDrive\\Desktop\\Perrtios v2\\src\\Pages\\Error404PageContainer\\index.jsx","statementMap":{"0":{"start":{"line":3,"column":30},"end":{"line":9,"column":1}},"1":{"start":{"line":4,"column":2},"end":{"line":8,"column":4}}},"fnMap":{"0":{"name":"(anonymous_0)","decl":{"start":{"line":3,"column":30},"end":{"line":3,"column":31}},"loc":{"start":{"line":3,"column":36},"end":{"line":9,"column":1}},"line":3}},"branchMap":{},"s":{"0":4,"1":2},"f":{"0":2},"b":{},"_coverageSchema":"1a1c01bbd47fc00a2c39e90264f33305004495a9","hash":"d3c42efdb76ad5d1d6fd1830bdcd5d8ae3ddfc15"}
,"C:\\Users\\magel\\OneDrive\\Desktop\\Perrtios v2\\src\\Pages\\HomePageContainer\\index.jsx": {"path":"C:\\Users\\magel\\OneDrive\\Desktop\\Perrtios v2\\src\\Pages\\HomePageContainer\\index.jsx","statementMap":{"0":{"start":{"line":3,"column":26},"end":{"line":9,"column":1}},"1":{"start":{"line":4,"column":2},"end":{"line":8,"column":4}}},"fnMap":{"0":{"name":"(anonymous_0)","decl":{"start":{"line":3,"column":26},"end":{"line":3,"column":27}},"loc":{"start":{"line":3,"column":32},"end":{"line":9,"column":1}},"line":3}},"branchMap":{},"s":{"0":4,"1":4},"f":{"0":4},"b":{},"_coverageSchema":"1a1c01bbd47fc00a2c39e90264f33305004495a9","hash":"4df2495cf5f22793632b009f99b3d49fb5da9c75"}
,"C:\\Users\\magel\\OneDrive\\Desktop\\Perrtios v2\\src\\Utils\\apiCall.js": {"path":"C:\\Users\\magel\\OneDrive\\Desktop\\Perrtios v2\\src\\Utils\\apiCall.js","statementMap":{"0":{"start":{"line":1,"column":16},"end":{"line":12,"column":1}},"1":{"start":{"line":2,"column":2},"end":{"line":2,"column":63}},"2":{"start":{"line":2,"column":39},"end":{"line":2,"column":63}},"3":{"start":{"line":3,"column":2},"end":{"line":11,"column":3}},"4":{"start":{"line":4,"column":21},"end":{"line":4,"column":64}},"5":{"start":{"line":5,"column":17},"end":{"line":5,"column":38}},"6":{"start":{"line":6,"column":4},"end":{"line":6,"column":60}},"7":{"start":{"line":6,"column":15},"end":{"line":6,"column":60}},"8":{"start":{"line":8,"column":4},"end":{"line":8,"column":16}},"9":{"start":{"line":10,"column":4},"end":{"line":10,"column":27}}},"fnMap":{"0":{"name":"(anonymous_0)","decl":{"start":{"line":1,"column":16},"end":{"line":1,"column":17}},"loc":{"start":{"line":1,"column":71},"end":{"line":12,"column":1}},"line":1}},"branchMap":{"0":{"loc":{"start":{"line":1,"column":23},"end":{"line":1,"column":66}},"type":"default-arg","locations":[{"start":{"line":1,"column":64},"end":{"line":1,"column":66}}],"line":1},"1":{"loc":{"start":{"line":1,"column":30},"end":{"line":1,"column":44}},"type":"default-arg","locations":[{"start":{"line":1,"column":39},"end":{"line":1,"column":44}}],"line":1},"2":{"loc":{"start":{"line":2,"column":2},"end":{"line":2,"column":63}},"type":"if","locations":[{"start":{"line":2,"column":2},"end":{"line":2,"column":63}},{"start":{},"end":{}}],"line":2},"3":{"loc":{"start":{"line":2,"column":6},"end":{"line":2,"column":37}},"type":"binary-expr","locations":[{"start":{"line":2,"column":6},"end":{"line":2,"column":10}},{"start":{"line":2,"column":14},"end":{"line":2,"column":37}}],"line":2},"4":{"loc":{"start":{"line":6,"column":4},"end":{"line":6,"column":60}},"type":"if","locations":[{"start":{"line":6,"column":4},"end":{"line":6,"column":60}},{"start":{},"end":{}}],"line":6}},"s":{"0":7,"1":25,"2":4,"3":21,"4":21,"5":15,"6":15,"7":1,"8":14,"9":6},"f":{"0":25},"b":{"0":[1],"1":[25],"2":[4,21],"3":[25,22],"4":[1,14]},"_coverageSchema":"1a1c01bbd47fc00a2c39e90264f33305004495a9","hash":"7c299d845c6456472139e0e6697e4db30d96d8f8"}
}
