{"C:\\Users\\magel\\OneDrive\\Desktop\\Perrtios v2\\src\\App.jsx": {"path":"C:\\Users\\magel\\OneDrive\\Desktop\\Perrtios v2\\src\\App.jsx","statementMap":{"0":{"start":{"line":4,"column":12},"end":{"line":7,"column":1}},"1":{"start":{"line":5,"column":19},"end":{"line":5,"column":46}},"2":{"start":{"line":6,"column":2},"end":{"line":6,"column":37}}},"fnMap":{"0":{"name":"(anonymous_0)","decl":{"start":{"line":4,"column":12},"end":{"line":4,"column":13}},"loc":{"start":{"line":4,"column":18},"end":{"line":7,"column":1}},"line":4}},"branchMap":{},"s":{"0":1,"1":1,"2":1},"f":{"0":1},"b":{},"_coverageSchema":"1a1c01bbd47fc00a2c39e90264f33305004495a9","hash":"6112a0331d5044109620d2ab39447e11a874aa28"}
,"C:\\Users\\magel\\OneDrive\\Desktop\\Perrtios v2\\src\\GlobalContexts\\ApiBreedContext\\Provider.jsx": {"path":"C:\\Users\\magel\\OneDrive\\Desktop\\Perrtios v2\\src\\GlobalContexts\\ApiBreedContext\\Provider.jsx","statementMap":{"0":{"start":{"line":7,"column":32},"end":{"line":23,"column":1}},"1":{"start":{"line":8,"column":26},"end":{"line":8,"column":41}},"2":{"start":{"line":10,"column":2},"end":{"line":12,"column":9}},"3":{"start":{"line":11,"column":4},"end":{"line":11,"column":18}},"4":{"start":{"line":14,"column":2},"end":{"line":22,"column":4}}},"fnMap":{"0":{"name":"(anonymous_0)","decl":{"start":{"line":7,"column":32},"end":{"line":7,"column":33}},"loc":{"start":{"line":7,"column":50},"end":{"line":23,"column":1}},"line":7},"1":{"name":"(anonymous_1)","decl":{"start":{"line":10,"column":12},"end":{"line":10,"column":13}},"loc":{"start":{"line":10,"column":18},"end":{"line":12,"column":3}},"line":10}},"branchMap":{},"s":{"0":1,"1":2,"2":2,"3":1,"4":2},"f":{"0":2,"1":1},"b":{},"_coverageSchema":"1a1c01bbd47fc00a2c39e90264f33305004495a9","hash":"87b1939363ce24f2e3747eb95fa8c91ad18697c9"}
,"C:\\Users\\magel\\OneDrive\\Desktop\\Perrtios v2\\src\\GlobalContexts\\ApiBreedContext\\index.jsx": {"path":"C:\\Users\\magel\\OneDrive\\Desktop\\Perrtios v2\\src\\GlobalContexts\\ApiBreedContext\\index.jsx","statementMap":{"0":{"start":{"line":3,"column":24},"end":{"line":3,"column":41}}},"fnMap":{},"branchMap":{},"s":{"0":2},"f":{},"b":{},"_coverageSchema":"1a1c01bbd47fc00a2c39e90264f33305004495a9","hash":"c47f18061aea14c55557e0c5a5f2ca97a289cf26"}
,"C:\\Users\\magel\\OneDrive\\Desktop\\Perrtios v2\\src\\GlobalContexts\\ApiBreedContext\\byBreedApiCall\\byBreedApiCall.js": {"path":"C:\\Users\\magel\\OneDrive\\Desktop\\Perrtios v2\\src\\GlobalContexts\\ApiBreedContext\\byBreedApiCall\\byBreedApiCall.js","statementMap":{"0":{"start":{"line":3,"column":23},"end":{"line":6,"column":1}},"1":{"start":{"line":4,"column":2},"end":{"line":4,"column":63}},"2":{"start":{"line":4,"column":39},"end":{"line":4,"column":63}},"3":{"start":{"line":5,"column":2},"end":{"line":5,"column":26}}},"fnMap":{"0":{"name":"(anonymous_0)","decl":{"start":{"line":3,"column":23},"end":{"line":3,"column":24}},"loc":{"start":{"line":3,"column":32},"end":{"line":6,"column":1}},"line":3}},"branchMap":{"0":{"loc":{"start":{"line":4,"column":2},"end":{"line":4,"column":63}},"type":"if","locations":[{"start":{"line":4,"column":2},"end":{"line":4,"column":63}},{"start":{},"end":{}}],"line":4},"1":{"loc":{"start":{"line":4,"column":6},"end":{"line":4,"column":37}},"type":"binary-expr","locations":[{"start":{"line":4,"column":6},"end":{"line":4,"column":10}},{"start":{"line":4,"column":14},"end":{"line":4,"column":37}}],"line":4}},"s":{"0":1,"1":5,"2":1,"3":4},"f":{"0":5},"b":{"0":[1,4],"1":[5,4]},"_coverageSchema":"1a1c01bbd47fc00a2c39e90264f33305004495a9","hash":"79955bc792168f3491e0f845d6eec2138089e326"}
,"C:\\Users\\magel\\OneDrive\\Desktop\\Perrtios v2\\src\\GlobalContexts\\ApiBreedContext\\imageByBreedListApiCall\\imageByBreedListApiCall.js": {"path":"C:\\Users\\magel\\OneDrive\\Desktop\\Perrtios v2\\src\\GlobalContexts\\ApiBreedContext\\imageByBreedListApiCall\\imageByBreedListApiCall.js","statementMap":{"0":{"start":{"line":3,"column":32},"end":{"line":6,"column":1}},"1":{"start":{"line":4,"column":2},"end":{"line":4,"column":63}},"2":{"start":{"line":4,"column":39},"end":{"line":4,"column":63}},"3":{"start":{"line":5,"column":2},"end":{"line":5,"column":26}}},"fnMap":{"0":{"name":"(anonymous_0)","decl":{"start":{"line":3,"column":32},"end":{"line":3,"column":33}},"loc":{"start":{"line":3,"column":41},"end":{"line":6,"column":1}},"line":3}},"branchMap":{"0":{"loc":{"start":{"line":4,"column":2},"end":{"line":4,"column":63}},"type":"if","locations":[{"start":{"line":4,"column":2},"end":{"line":4,"column":63}},{"start":{},"end":{}}],"line":4},"1":{"loc":{"start":{"line":4,"column":6},"end":{"line":4,"column":37}},"type":"binary-expr","locations":[{"start":{"line":4,"column":6},"end":{"line":4,"column":10}},{"start":{"line":4,"column":14},"end":{"line":4,"column":37}}],"line":4}},"s":{"0":1,"1":5,"2":1,"3":4},"f":{"0":5},"b":{"0":[1,4],"1":[5,4]},"_coverageSchema":"1a1c01bbd47fc00a2c39e90264f33305004495a9","hash":"fa3b26ecdb5316463bb5ce7d709851d3dd980083"}
,"C:\\Users\\magel\\OneDrive\\Desktop\\Perrtios v2\\src\\GlobalContexts\\ApiBreedContext\\listAllBreedsApiCall\\listAllBreedsApiCall.js": {"path":"C:\\Users\\magel\\OneDrive\\Desktop\\Perrtios v2\\src\\GlobalContexts\\ApiBreedContext\\listAllBreedsApiCall\\listAllBreedsApiCall.js","statementMap":{"0":{"start":{"line":3,"column":29},"end":{"line":6,"column":1}},"1":{"start":{"line":4,"column":2},"end":{"line":4,"column":63}},"2":{"start":{"line":4,"column":39},"end":{"line":4,"column":63}},"3":{"start":{"line":5,"column":2},"end":{"line":5,"column":26}}},"fnMap":{"0":{"name":"(anonymous_0)","decl":{"start":{"line":3,"column":29},"end":{"line":3,"column":30}},"loc":{"start":{"line":3,"column":38},"end":{"line":6,"column":1}},"line":3}},"branchMap":{"0":{"loc":{"start":{"line":4,"column":2},"end":{"line":4,"column":63}},"type":"if","locations":[{"start":{"line":4,"column":2},"end":{"line":4,"column":63}},{"start":{},"end":{}}],"line":4},"1":{"loc":{"start":{"line":4,"column":6},"end":{"line":4,"column":37}},"type":"binary-expr","locations":[{"start":{"line":4,"column":6},"end":{"line":4,"column":10}},{"start":{"line":4,"column":14},"end":{"line":4,"column":37}}],"line":4}},"s":{"0":1,"1":4,"2":1,"3":3},"f":{"0":4},"b":{"0":[1,3],"1":[4,3]},"_coverageSchema":"1a1c01bbd47fc00a2c39e90264f33305004495a9","hash":"af53a251ed40f37fc28f21b334bf58b5922a5460"}
,"C:\\Users\\magel\\OneDrive\\Desktop\\Perrtios v2\\src\\GlobalContexts\\ApiBreedContext\\listAllSubBreedsApiCall\\listAllSubBreedsApiCall.js": {"path":"C:\\Users\\magel\\OneDrive\\Desktop\\Perrtios v2\\src\\GlobalContexts\\ApiBreedContext\\listAllSubBreedsApiCall\\listAllSubBreedsApiCall.js","statementMap":{"0":{"start":{"line":3,"column":32},"end":{"line":6,"column":1}},"1":{"start":{"line":4,"column":2},"end":{"line":4,"column":63}},"2":{"start":{"line":4,"column":39},"end":{"line":4,"column":63}},"3":{"start":{"line":5,"column":2},"end":{"line":5,"column":26}}},"fnMap":{"0":{"name":"(anonymous_0)","decl":{"start":{"line":3,"column":32},"end":{"line":3,"column":33}},"loc":{"start":{"line":3,"column":41},"end":{"line":6,"column":1}},"line":3}},"branchMap":{"0":{"loc":{"start":{"line":4,"column":2},"end":{"line":4,"column":63}},"type":"if","locations":[{"start":{"line":4,"column":2},"end":{"line":4,"column":63}},{"start":{},"end":{}}],"line":4},"1":{"loc":{"start":{"line":4,"column":6},"end":{"line":4,"column":37}},"type":"binary-expr","locations":[{"start":{"line":4,"column":6},"end":{"line":4,"column":10}},{"start":{"line":4,"column":14},"end":{"line":4,"column":37}}],"line":4}},"s":{"0":1,"1":5,"2":1,"3":4},"f":{"0":5},"b":{"0":[1,4],"1":[5,4]},"_coverageSchema":"1a1c01bbd47fc00a2c39e90264f33305004495a9","hash":"51ce9d2e0ffb4a5c8d3db2868da80a2793c664bf"}
,"C:\\Users\\magel\\OneDrive\\Desktop\\Perrtios v2\\src\\GlobalContexts\\ApiBreedContext\\randomImageApiCall\\randomImageApiCall.js": {"path":"C:\\Users\\magel\\OneDrive\\Desktop\\Perrtios v2\\src\\GlobalContexts\\ApiBreedContext\\randomImageApiCall\\randomImageApiCall.js","statementMap":{"0":{"start":{"line":3,"column":27},"end":{"line":6,"column":1}},"1":{"start":{"line":4,"column":2},"end":{"line":4,"column":63}},"2":{"start":{"line":4,"column":39},"end":{"line":4,"column":63}},"3":{"start":{"line":5,"column":2},"end":{"line":5,"column":26}}},"fnMap":{"0":{"name":"(anonymous_0)","decl":{"start":{"line":3,"column":27},"end":{"line":3,"column":28}},"loc":{"start":{"line":3,"column":36},"end":{"line":6,"column":1}},"line":3}},"branchMap":{"0":{"loc":{"start":{"line":4,"column":2},"end":{"line":4,"column":63}},"type":"if","locations":[{"start":{"line":4,"column":2},"end":{"line":4,"column":63}},{"start":{},"end":{}}],"line":4},"1":{"loc":{"start":{"line":4,"column":6},"end":{"line":4,"column":37}},"type":"binary-expr","locations":[{"start":{"line":4,"column":6},"end":{"line":4,"column":10}},{"start":{"line":4,"column":14},"end":{"line":4,"column":37}}],"line":4}},"s":{"0":1,"1":4,"2":1,"3":3},"f":{"0":4},"b":{"0":[1,3],"1":[4,3]},"_coverageSchema":"1a1c01bbd47fc00a2c39e90264f33305004495a9","hash":"f565ae30f90a3f49fd0b8a4d5f43391ff6f1eb16"}
,"C:\\Users\\magel\\OneDrive\\Desktop\\Perrtios v2\\src\\Utils\\apiCall.js": {"path":"C:\\Users\\magel\\OneDrive\\Desktop\\Perrtios v2\\src\\Utils\\apiCall.js","statementMap":{"0":{"start":{"line":1,"column":16},"end":{"line":13,"column":1}},"1":{"start":{"line":3,"column":2},"end":{"line":3,"column":63}},"2":{"start":{"line":3,"column":39},"end":{"line":3,"column":63}},"3":{"start":{"line":4,"column":2},"end":{"line":12,"column":3}},"4":{"start":{"line":5,"column":21},"end":{"line":5,"column":64}},"5":{"start":{"line":6,"column":17},"end":{"line":6,"column":38}},"6":{"start":{"line":8,"column":4},"end":{"line":8,"column":16}},"7":{"start":{"line":11,"column":4},"end":{"line":11,"column":17}}},"fnMap":{"0":{"name":"(anonymous_0)","decl":{"start":{"line":1,"column":16},"end":{"line":1,"column":17}},"loc":{"start":{"line":1,"column":66},"end":{"line":13,"column":1}},"line":1}},"branchMap":{"0":{"loc":{"start":{"line":1,"column":30},"end":{"line":1,"column":44}},"type":"default-arg","locations":[{"start":{"line":1,"column":39},"end":{"line":1,"column":44}}],"line":1},"1":{"loc":{"start":{"line":3,"column":2},"end":{"line":3,"column":63}},"type":"if","locations":[{"start":{"line":3,"column":2},"end":{"line":3,"column":63}},{"start":{},"end":{}}],"line":3},"2":{"loc":{"start":{"line":3,"column":6},"end":{"line":3,"column":37}},"type":"binary-expr","locations":[{"start":{"line":3,"column":6},"end":{"line":3,"column":10}},{"start":{"line":3,"column":14},"end":{"line":3,"column":37}}],"line":3}},"s":{"0":6,"1":20,"2":2,"3":18,"4":18,"5":13,"6":13,"7":5},"f":{"0":20},"b":{"0":[20],"1":[2,18],"2":[20,19]},"_coverageSchema":"1a1c01bbd47fc00a2c39e90264f33305004495a9","hash":"88c437afbdfb1f49dadbe2f3cc9d2e57c08dfc9a"}
}
