TN:
SF:src\App.jsx
FN:6,(anonymous_0)
FNF:1
FNH:1
FNDA:2,(anonymous_0)
DA:6,2
DA:7,2
LF:2
LH:2
BRF:0
BRH:0
end_of_record
TN:
SF:src\AppRequeriments\AppProvider.jsx
FN:6,(anonymous_0)
FNF:1
FNH:1
FNDA:1,(anonymous_0)
DA:6,1
DA:7,1
LF:2
LH:2
BRF:0
BRH:0
end_of_record
TN:
SF:src\AppRequeriments\MyBreedRoutes.jsx
FN:6,(anonymous_0)
FNF:1
FNH:1
FNDA:4,(anonymous_0)
DA:6,3
DA:7,4
LF:2
LH:2
BRF:0
BRH:0
end_of_record
TN:
SF:src\Components\InputBreed\index.jsx
FN:10,(anonymous_0)
FN:15,(anonymous_1)
FN:18,(anonymous_2)
FN:23,(anonymous_3)
FN:26,(anonymous_4)
FN:30,(anonymous_5)
FNF:6
FNH:6
FNDA:19,(anonymous_0)
FNDA:15,(anonymous_1)
FNDA:2,(anonymous_2)
FNDA:15,(anonymous_3)
FNDA:4,(anonymous_4)
FNDA:3,(anonymous_5)
DA:4,6
DA:10,6
DA:11,19
DA:12,19
DA:13,19
DA:15,19
DA:16,15
DA:17,15
DA:18,3
DA:19,2
DA:21,3
DA:23,15
DA:26,19
DA:27,4
DA:30,19
DA:31,3
DA:32,3
DA:33,1
DA:34,0
DA:36,3
DA:37,3
DA:41,19
LF:22
LH:21
BRDA:17,0,0,3
BRDA:17,0,1,12
BRDA:43,1,0,19
BRDA:43,1,1,3
BRF:4
BRH:4
end_of_record
TN:
SF:src\Components\LayoutContentContainer\FooterContentContainer\index.jsx
FN:2,(anonymous_0)
FNF:1
FNH:1
FNDA:6,(anonymous_0)
DA:2,5
DA:3,6
LF:2
LH:2
BRF:0
BRH:0
end_of_record
TN:
SF:src\Components\LayoutContentContainer\HeaderContentContainer\index.jsx
FN:5,(anonymous_0)
FNF:1
FNH:1
FNDA:5,(anonymous_0)
DA:5,5
DA:6,5
LF:2
LH:2
BRF:0
BRH:0
end_of_record
TN:
SF:src\Components\LayoutContentContainer\HeaderContentContainer\Logo\index.jsx
FN:6,(anonymous_0)
FNF:1
FNH:1
FNDA:8,(anonymous_0)
DA:6,6
DA:7,8
LF:2
LH:2
BRF:0
BRH:0
end_of_record
TN:
SF:src\Components\PageContentContainer\Error404ContentContainer\index.jsx
FN:2,(anonymous_0)
FNF:1
FNH:1
FNDA:4,(anonymous_0)
DA:2,5
DA:3,4
LF:2
LH:2
BRF:0
BRH:0
end_of_record
TN:
SF:src\Components\PageContentContainer\HomeContentContainer\index.jsx
FN:3,(anonymous_0)
FNF:1
FNH:1
FNDA:8,(anonymous_0)
DA:3,5
DA:4,8
DA:7,8
LF:3
LH:3
BRDA:12,0,0,8
BRDA:12,0,1,2
BRF:2
BRH:2
end_of_record
TN:
SF:src\GlobalContexts\ApiBreedContext\Provider.jsx
FN:10,(anonymous_0)
FN:12,(anonymous_1)
FN:16,(anonymous_2)
FN:21,(anonymous_3)
FN:26,(anonymous_4)
FNF:5
FNH:3
FNDA:0,(anonymous_0)
FNDA:5,(anonymous_1)
FNDA:3,(anonymous_2)
FNDA:0,(anonymous_3)
FNDA:3,(anonymous_4)
DA:9,2
DA:10,2
DA:12,2
DA:13,5
DA:14,5
DA:16,5
DA:17,3
DA:18,2
DA:21,5
DA:22,0
DA:23,0
DA:26,5
DA:27,3
DA:30,5
LF:14
LH:12
BRF:0
BRH:0
end_of_record
TN:
SF:src\GlobalContexts\ApiBreedContext\index.jsx
FN:5,(anonymous_0)
FNF:1
FNH:1
FNDA:22,(anonymous_0)
DA:3,10
DA:5,22
LF:2
LH:2
BRF:0
BRH:0
end_of_record
TN:
SF:src\GlobalContexts\ApiBreedContext\byBreedApiCall\byBreedApiCall.js
FN:3,(anonymous_0)
FNF:1
FNH:1
FNDA:5,(anonymous_0)
DA:3,1
DA:4,5
DA:5,4
LF:3
LH:3
BRDA:4,0,0,1
BRDA:4,0,1,4
BRDA:4,1,0,5
BRDA:4,1,1,4
BRF:4
BRH:4
end_of_record
TN:
SF:src\GlobalContexts\ApiBreedContext\imageByBreedListApiCall\imageByBreedListApiCall.js
FN:3,(anonymous_0)
FNF:1
FNH:1
FNDA:5,(anonymous_0)
DA:3,3
DA:4,5
DA:5,4
LF:3
LH:3
BRDA:4,0,0,1
BRDA:4,0,1,4
BRDA:4,1,0,5
BRDA:4,1,1,4
BRF:4
BRH:4
end_of_record
TN:
SF:src\GlobalContexts\ApiBreedContext\listAllBreedsApiCall\listAllBreedsApiCall.js
FN:3,(anonymous_0)
FNF:1
FNH:1
FNDA:4,(anonymous_0)
DA:3,1
DA:4,4
DA:5,3
LF:3
LH:3
BRDA:4,0,0,1
BRDA:4,0,1,3
BRDA:4,1,0,4
BRDA:4,1,1,3
BRF:4
BRH:4
end_of_record
TN:
SF:src\GlobalContexts\ApiBreedContext\listAllSubBreedsApiCall\listAllSubBreedsApiCall.js
FN:3,(anonymous_0)
FNF:1
FNH:1
FNDA:5,(anonymous_0)
DA:3,1
DA:4,5
DA:5,4
LF:3
LH:3
BRDA:4,0,0,1
BRDA:4,0,1,4
BRDA:4,1,0,5
BRDA:4,1,1,4
BRF:4
BRH:4
end_of_record
TN:
SF:src\GlobalContexts\ApiBreedContext\randomImageApiCall\randomImageApiCall.js
FN:3,(anonymous_0)
FNF:1
FNH:1
FNDA:5,(anonymous_0)
DA:3,2
DA:4,5
DA:5,4
LF:3
LH:3
BRDA:4,0,0,1
BRDA:4,0,1,4
BRDA:4,1,0,5
BRDA:4,1,1,4
BRF:4
BRH:4
end_of_record
TN:
SF:src\Layout\index.jsx
FN:4,(anonymous_0)
FNF:1
FNH:1
FNDA:3,(anonymous_0)
DA:4,3
DA:5,3
LF:2
LH:2
BRF:0
BRH:0
end_of_record
TN:
SF:src\Layout\FooterLayoutContainer\index.jsx
FN:3,(anonymous_0)
FNF:1
FNH:1
FNDA:4,(anonymous_0)
DA:3,4
DA:4,4
LF:2
LH:2
BRF:0
BRH:0
end_of_record
TN:
SF:src\Layout\HeaderLayoutContainer\index.jsx
FN:3,(anonymous_0)
FNF:1
FNH:1
FNDA:4,(anonymous_0)
DA:3,4
DA:4,4
LF:2
LH:2
BRF:0
BRH:0
end_of_record
TN:
SF:src\Pages\Error404PageContainer\index.jsx
FN:3,(anonymous_0)
FNF:1
FNH:1
FNDA:2,(anonymous_0)
DA:3,4
DA:4,2
LF:2
LH:2
BRF:0
BRH:0
end_of_record
TN:
SF:src\Pages\HomePageContainer\index.jsx
FN:3,(anonymous_0)
FNF:1
FNH:1
FNDA:4,(anonymous_0)
DA:3,4
DA:4,4
LF:2
LH:2
BRF:0
BRH:0
end_of_record
TN:
SF:src\Utils\apiCall.js
FN:1,(anonymous_0)
FNF:1
FNH:1
FNDA:25,(anonymous_0)
DA:1,8
DA:2,25
DA:3,21
DA:4,21
DA:5,15
DA:6,15
DA:8,14
DA:10,6
LF:8
LH:8
BRDA:1,0,0,1
BRDA:1,1,0,25
BRDA:2,2,0,4
BRDA:2,2,1,21
BRDA:2,3,0,25
BRDA:2,3,1,22
BRDA:6,4,0,1
BRDA:6,4,1,14
BRF:8
BRH:8
end_of_record
TN:
SF:src\Utils\cleanInput\index.js
FN:1,(anonymous_0)
FNF:1
FNH:1
FNDA:10,(anonymous_0)
DA:1,7
DA:2,10
DA:3,8
DA:4,8
DA:5,8
DA:6,5
LF:6
LH:6
BRDA:2,0,0,2
BRDA:2,0,1,8
BRDA:5,1,0,3
BRDA:5,1,1,5
BRF:4
BRH:4
end_of_record
TN:
SF:src\Utils\waitFor\index.js
FN:1,(anonymous_0)
FNF:1
FNH:1
FNDA:1,(anonymous_0)
DA:1,7
DA:2,1
LF:2
LH:2
BRF:0
BRH:0
end_of_record
