TN:
SF:src\App.jsx
FN:6,(anonymous_0)
FNF:1
FNH:1
FNDA:2,(anonymous_0)
DA:6,2
DA:7,2
LF:2
LH:2
BRF:0
BRH:0
end_of_record
TN:
SF:src\AppRequeriments\AppProvider.jsx
FN:6,(anonymous_0)
FNF:1
FNH:1
FNDA:1,(anonymous_0)
DA:6,1
DA:7,1
LF:2
LH:2
BRF:0
BRH:0
end_of_record
TN:
SF:src\AppRequeriments\MyBreedRoutes.jsx
FN:9,(anonymous_0)
FNF:1
FNH:1
FNDA:6,(anonymous_0)
DA:9,3
DA:10,6
LF:2
LH:2
BRF:0
BRH:0
end_of_record
TN:
SF:src\Components\LayoutContentContainer\FooterContentContainer\index.jsx
FN:2,(anonymous_0)
FNF:1
FNH:1
FNDA:6,(anonymous_0)
DA:2,5
DA:3,6
LF:2
LH:2
BRF:0
BRH:0
end_of_record
TN:
SF:src\Components\LayoutContentContainer\HeaderContentContainer\index.jsx
FN:5,(anonymous_0)
FNF:1
FNH:1
FNDA:8,(anonymous_0)
DA:5,5
DA:6,8
LF:2
LH:2
BRF:0
BRH:0
end_of_record
TN:
SF:src\Components\LayoutContentContainer\HeaderContentContainer\Logo\index.jsx
FN:6,(anonymous_0)
FNF:1
FNH:1
FNDA:11,(anonymous_0)
DA:6,6
DA:7,11
LF:2
LH:2
BRF:0
BRH:0
end_of_record
TN:
SF:src\Components\LayoutContentContainer\HeaderContentContainer\Menu\index.jsx
FN:3,(anonymous_0)
FNF:1
FNH:1
FNDA:11,(anonymous_0)
DA:3,6
DA:4,11
LF:2
LH:2
BRF:0
BRH:0
end_of_record
TN:
SF:src\Components\PageContentContainer\Error404ContentContainer\index.jsx
FN:2,(anonymous_0)
FNF:1
FNH:1
FNDA:4,(anonymous_0)
DA:2,5
DA:3,4
LF:2
LH:2
BRF:0
BRH:0
end_of_record
TN:
SF:src\Components\PageContentContainer\HomeContentContainer\index.jsx
FN:3,(anonymous_0)
FNF:1
FNH:1
FNDA:7,(anonymous_0)
DA:3,5
DA:4,7
DA:6,7
LF:3
LH:3
BRF:0
BRH:0
end_of_record
TN:
SF:src\Components\PageContentContainer\ShowDogsByBreedContentContainer\index.jsx
FN:4,(anonymous_0)
FN:7,(anonymous_1)
FN:8,(anonymous_2)
FN:9,(anonymous_3)
FN:13,(anonymous_4)
FN:14,(anonymous_5)
FN:21,(anonymous_6)
FNF:7
FNH:7
FNDA:7,(anonymous_0)
FNDA:6,(anonymous_1)
FNDA:42,(anonymous_2)
FNDA:1,(anonymous_3)
FNDA:6,(anonymous_4)
FNDA:6,(anonymous_5)
FNDA:1,(anonymous_6)
DA:4,5
DA:5,7
DA:7,7
DA:8,6
DA:9,42
DA:13,7
DA:14,6
DA:15,6
DA:21,7
DA:22,1
DA:25,7
LF:11
LH:11
BRDA:28,0,0,7
BRDA:28,0,1,6
BRDA:29,1,0,7
BRDA:29,1,1,6
BRF:4
BRH:4
end_of_record
TN:
SF:src\Components\PageContentContainer\ShowDogsBySubBreedContentContainer\index.jsx
FN:7,(anonymous_0)
FN:12,(anonymous_1)
FN:13,(anonymous_2)
FN:14,(anonymous_3)
FN:19,(anonymous_4)
FN:20,(anonymous_5)
FN:24,(anonymous_6)
FN:25,(anonymous_7)
FN:32,(anonymous_8)
FN:33,(anonymous_9)
FN:42,(anonymous_10)
FN:47,(anonymous_11)
FN:51,(anonymous_12)
FN:52,(anonymous_13)
FN:60,(anonymous_14)
FN:61,(anonymous_15)
FNF:16
FNH:16
FNDA:12,(anonymous_0)
FNDA:11,(anonymous_1)
FNDA:39,(anonymous_2)
FNDA:4,(anonymous_3)
FNDA:12,(anonymous_4)
FNDA:3,(anonymous_5)
FNDA:3,(anonymous_6)
FNDA:1,(anonymous_7)
FNDA:3,(anonymous_8)
FNDA:3,(anonymous_9)
FNDA:4,(anonymous_10)
FNDA:1,(anonymous_11)
FNDA:3,(anonymous_12)
FNDA:6,(anonymous_13)
FNDA:1,(anonymous_14)
FNDA:1,(anonymous_15)
DA:7,5
DA:8,12
DA:10,12
DA:12,12
DA:13,11
DA:14,39
DA:19,12
DA:20,12
DA:21,3
DA:25,3
DA:32,12
DA:33,3
DA:34,3
DA:42,12
DA:43,4
DA:44,4
DA:47,12
DA:48,1
DA:51,12
DA:52,6
DA:54,3
DA:55,3
DA:56,3
DA:60,12
DA:61,1
DA:62,1
DA:65,12
LF:27
LH:27
BRDA:43,0,0,3
BRDA:43,0,1,1
BRDA:44,1,0,1
BRDA:44,1,1,3
BRDA:54,2,0,3
BRDA:54,2,1,0
BRDA:68,3,0,12
BRDA:68,3,1,11
BRDA:70,4,0,12
BRDA:70,4,1,12
BRDA:71,5,0,12
BRDA:71,5,1,3
BRF:12
BRH:11
end_of_record
TN:
SF:src\GlobalContexts\ApiBreedContext\Provider.jsx
FN:13,(anonymous_0)
FN:20,(anonymous_1)
FN:26,(anonymous_2)
FN:32,(anonymous_3)
FN:33,(anonymous_4)
FN:47,(anonymous_5)
FN:48,(anonymous_6)
FN:63,(anonymous_7)
FNF:8
FNH:4
FNDA:3,(anonymous_0)
FNDA:2,(anonymous_1)
FNDA:2,(anonymous_2)
FNDA:0,(anonymous_3)
FNDA:0,(anonymous_4)
FNDA:0,(anonymous_5)
FNDA:0,(anonymous_6)
FNDA:2,(anonymous_7)
DA:13,2
DA:14,3
DA:15,3
DA:16,3
DA:17,3
DA:18,3
DA:20,3
DA:21,2
DA:22,2
DA:23,1
DA:26,3
DA:27,2
DA:28,0
DA:29,0
DA:32,3
DA:33,0
DA:35,0
DA:36,0
DA:37,0
DA:44,0
DA:47,3
DA:48,0
DA:50,0
DA:51,0
DA:52,0
DA:60,0
DA:63,3
DA:64,2
DA:65,2
DA:68,3
LF:30
LH:18
BRDA:36,0,0,0
BRDA:36,0,1,0
BRDA:51,1,0,0
BRDA:51,1,1,0
BRF:4
BRH:0
end_of_record
TN:
SF:src\GlobalContexts\ApiBreedContext\index.jsx
FN:5,(anonymous_0)
FNF:1
FNH:1
FNDA:5,(anonymous_0)
DA:3,10
DA:5,10
LF:2
LH:2
BRF:0
BRH:0
end_of_record
TN:
SF:src\GlobalContexts\ApiBreedContext\imageByBreedListApiCall\imageByBreedListApiCall.js
FN:3,(anonymous_0)
FNF:1
FNH:1
FNDA:5,(anonymous_0)
DA:3,3
DA:4,5
DA:5,4
LF:3
LH:3
BRDA:4,0,0,1
BRDA:4,0,1,4
BRDA:4,1,0,5
BRDA:4,1,1,4
BRF:4
BRH:4
end_of_record
TN:
SF:src\GlobalContexts\ApiBreedContext\imageBySubBreedListApiCall\imageBySubBreedListApiCall.js
FN:3,(anonymous_0)
FNF:1
FNH:1
FNDA:5,(anonymous_0)
DA:3,3
DA:4,5
DA:5,4
LF:3
LH:3
BRDA:4,0,0,1
BRDA:4,0,1,4
BRDA:4,1,0,5
BRDA:4,1,1,4
BRF:4
BRH:4
end_of_record
TN:
SF:src\GlobalContexts\ApiBreedContext\listAllBreedsApiCall\listAllBreedsApiCall.js
FN:3,(anonymous_0)
FNF:1
FNH:1
FNDA:6,(anonymous_0)
DA:3,4
DA:4,6
DA:5,5
LF:3
LH:3
BRDA:4,0,0,1
BRDA:4,0,1,5
BRDA:4,1,0,6
BRDA:4,1,1,5
BRF:4
BRH:4
end_of_record
TN:
SF:src\GlobalContexts\ApiBreedContext\randomImageApiCall\randomImageApiCall.js
FN:3,(anonymous_0)
FNF:1
FNH:1
FNDA:5,(anonymous_0)
DA:3,2
DA:4,5
DA:5,4
LF:3
LH:3
BRDA:4,0,0,1
BRDA:4,0,1,4
BRDA:4,1,0,5
BRDA:4,1,1,4
BRF:4
BRH:4
end_of_record
TN:
SF:src\Layout\index.jsx
FN:4,(anonymous_0)
FNF:1
FNH:1
FNDA:3,(anonymous_0)
DA:4,3
DA:5,3
LF:2
LH:2
BRF:0
BRH:0
end_of_record
TN:
SF:src\Layout\FooterLayoutContainer\index.jsx
FN:3,(anonymous_0)
FNF:1
FNH:1
FNDA:4,(anonymous_0)
DA:3,4
DA:4,4
LF:2
LH:2
BRF:0
BRH:0
end_of_record
TN:
SF:src\Layout\HeaderLayoutContainer\index.jsx
FN:3,(anonymous_0)
FNF:1
FNH:1
FNDA:4,(anonymous_0)
DA:3,4
DA:4,4
LF:2
LH:2
BRF:0
BRH:0
end_of_record
TN:
SF:src\Pages\Error404PageContainer\index.jsx
FN:3,(anonymous_0)
FNF:1
FNH:1
FNDA:2,(anonymous_0)
DA:3,4
DA:4,2
LF:2
LH:2
BRF:0
BRH:0
end_of_record
TN:
SF:src\Pages\HomePageContainer\index.jsx
FN:3,(anonymous_0)
FNF:1
FNH:1
FNDA:4,(anonymous_0)
DA:3,4
DA:4,4
LF:2
LH:2
BRF:0
BRH:0
end_of_record
TN:
SF:src\Pages\ShowDogsByBreedPageContainer\index.jsx
FN:3,(anonymous_0)
FNF:1
FNH:1
FNDA:3,(anonymous_0)
DA:3,4
DA:4,3
LF:2
LH:2
BRF:0
BRH:0
end_of_record
TN:
SF:src\Pages\ShowDogsBySubBreedPageContainer\index.jsx
FN:3,(anonymous_0)
FNF:1
FNH:1
FNDA:3,(anonymous_0)
DA:3,4
DA:4,3
LF:2
LH:2
BRF:0
BRH:0
end_of_record
TN:
SF:src\Utils\apiCall.js
FN:1,(anonymous_0)
FNF:1
FNH:1
FNDA:23,(anonymous_0)
DA:1,8
DA:2,23
DA:3,19
DA:4,19
DA:5,12
DA:6,12
DA:8,11
DA:10,5
LF:8
LH:8
BRDA:1,0,0,1
BRDA:1,1,0,23
BRDA:2,2,0,4
BRDA:2,2,1,19
BRDA:2,3,0,23
BRDA:2,3,1,20
BRDA:6,4,0,1
BRDA:6,4,1,11
BRF:8
BRH:8
end_of_record
TN:
SF:src\Utils\cleanInput\index.js
FN:1,(anonymous_0)
FNF:1
FNH:1
FNDA:7,(anonymous_0)
DA:1,1
DA:2,7
DA:3,5
DA:4,5
DA:5,5
DA:6,4
LF:6
LH:6
BRDA:2,0,0,2
BRDA:2,0,1,5
BRDA:5,1,0,1
BRDA:5,1,1,4
BRF:4
BRH:4
end_of_record
TN:
SF:src\Utils\filterByBreed\index.js
FN:1,(anonymous_0)
FN:1,(anonymous_1)
FNF:2
FNH:2
FNDA:3,(anonymous_0)
FNDA:9,(anonymous_1)
DA:1,9
LF:1
LH:1
BRDA:1,0,0,9
BRDA:1,0,1,5
BRF:2
BRH:2
end_of_record
TN:
SF:src\Utils\filterBySubBreed\index.js
FN:1,(anonymous_0)
FN:1,(anonymous_1)
FNF:2
FNH:2
FNDA:3,(anonymous_0)
FNDA:11,(anonymous_1)
DA:1,11
LF:1
LH:1
BRDA:1,0,0,11
BRDA:1,0,1,1
BRF:2
BRH:2
end_of_record
TN:
SF:src\Utils\getListBreeds\index.js
FN:6,(anonymous_0)
FNF:1
FNH:1
FNDA:4,(anonymous_0)
DA:4,3
DA:6,3
DA:7,4
DA:8,2
DA:10,1
LF:5
LH:5
BRDA:8,0,0,1
BRDA:8,0,1,1
BRF:2
BRH:2
end_of_record
TN:
SF:src\Utils\transformIntoArray\index.js
FN:1,(anonymous_0)
FN:2,(anonymous_1)
FNF:2
FNH:2
FNDA:1,(anonymous_0)
FNDA:7,(anonymous_1)
DA:1,4
DA:2,1
DA:3,7
LF:3
LH:3
BRF:0
BRH:0
end_of_record
TN:
SF:src\Utils\waitFor\index.js
FN:1,(anonymous_0)
FNF:1
FNH:1
FNDA:2,(anonymous_0)
DA:1,1
DA:2,2
DA:3,1
LF:3
LH:3
BRDA:2,0,0,1
BRDA:2,0,1,1
BRF:2
BRH:2
end_of_record
